<?xml version="1.0" encoding="UTF-8"?>
<!-- Generated by org.testng.reporters.JUnitXMLReporter -->
<testsuite ignored="0" hostname="DESKTOP-7SELM80" failures="1" tests="22" name="app" time="371.639" errors="0" timestamp="2025-06-04T10:39:23 IST">
  <testcase classname="ledsak.AllLeadTest" name="dateFilter" time="14.119"/>
  <testcase classname="ledsak.AllLeadTest" name="filterSelect" time="10.795"/>
  <testcase classname="ledsak.AllLeadTest" name="newLead" time="23.542"/>
  <testcase classname="ledsak.SidebarTest" name="leadManagement" time="6.242"/>
  <testcase classname="ledsak.SidebarTest" name="dealManagement" time="2.825"/>
  <testcase classname="ledsak.SidebarTest" name="opportunities" time="0.072"/>
  <testcase classname="ledsak.SidebarTest" name="automation" time="0.069"/>
  <testcase classname="ledsak.SidebarTest" name="integrations" time="0.953"/>
  <testcase classname="ledsak.SidebarTest" name="report" time="3.019"/>
  <testcase classname="ledsak.SidebarTest" name="staffManagement" time="6.448"/>
  <testcase classname="ledsak.SidebarTest" name="settings" time="3.7"/>
  <testcase classname="ledsak.DashboardTest" name="notification" time="33.701"/>
  <testcase classname="ledsak.DashboardTest" name="dashboardCard" time="1.66"/>
  <testcase classname="ledsak.DashboardTest" name="followUpCard" time="3.845"/>
  <testcase classname="ledsak.DashboardTest" name="overdueTaskCard" time="5.056"/>
  <testcase classname="ledsak.DashboardTest" name="SwithcBranchList" time="6.59"/>
  <testcase classname="ledsak.LeadSetupTest" name="leadset" time="35.239">
    <failure type="org.openqa.selenium.StaleElementReferenceException" message="stale element reference: stale element not found in the current frame
  (Session info: chrome=137.0.7151.68)
For documentation on this error, please visit: https://www.selenium.dev/documentation/webdriver/troubleshooting/errors#stale-element-reference-exception
Build info: version: &amp;apos;4.28.1&amp;apos;, revision: &amp;apos;73f5ad48a2&amp;apos;
System info: os.name: &amp;apos;Windows 10&amp;apos;, os.arch: &amp;apos;amd64&amp;apos;, os.version: &amp;apos;10.0&amp;apos;, java.version: &amp;apos;23.0.1&amp;apos;
Driver info: org.openqa.selenium.chrome.ChromeDriver
Command: [4195201095bc6d427286ce0bf43d5281, executeScript {args=[{element-6066-11e4-a52e-4f735466cecf=f.496003F4ADBB3861E93F439C4A3F8C81.d.926EFD6808AD768FEA84B51A9CC753A3.e.1741}], script=arguments[0].click();}]
Capabilities {acceptInsecureCerts: false, browserName: chrome, browserVersion: 137.0.7151.68, chrome: {chromedriverVersion: 137.0.7151.68 (2989ffee9373..., userDataDir: C:\Users\HP\AppData\Local\T...}, fedcm:accounts: true, goog:chromeOptions: {debuggerAddress: localhost:54084}, networkConnectionEnabled: false, pageLoadStrategy: normal, platformName: windows, proxy: Proxy(), se:cdp: ws://localhost:54084/devtoo..., se:cdpVersion: 137.0.7151.68, setWindowRect: true, strictFileInteractability: false, timeouts: {implicit: 0, pageLoad: 300000, script: 30000}, unhandledPromptBehavior: dismiss and notify, webauthn:extension:credBlob: true, webauthn:extension:largeBlob: true, webauthn:extension:minPinLength: true, webauthn:extension:prf: true, webauthn:virtualAuthenticators: true}
Session ID: 4195201095bc6d427286ce0bf43d5281">
      <![CDATA[org.openqa.selenium.StaleElementReferenceException: stale element reference: stale element not found in the current frame
  (Session info: chrome=137.0.7151.68)
For documentation on this error, please visit: https://www.selenium.dev/documentation/webdriver/troubleshooting/errors#stale-element-reference-exception
Build info: version: '4.28.1', revision: '73f5ad48a2'
System info: os.name: 'Windows 10', os.arch: 'amd64', os.version: '10.0', java.version: '23.0.1'
Driver info: org.openqa.selenium.chrome.ChromeDriver
Command: [4195201095bc6d427286ce0bf43d5281, executeScript {args=[{element-6066-11e4-a52e-4f735466cecf=f.496003F4ADBB3861E93F439C4A3F8C81.d.926EFD6808AD768FEA84B51A9CC753A3.e.1741}], script=arguments[0].click();}]
Capabilities {acceptInsecureCerts: false, browserName: chrome, browserVersion: 137.0.7151.68, chrome: {chromedriverVersion: 137.0.7151.68 (2989ffee9373..., userDataDir: C:\Users\HP\AppData\Local\T...}, fedcm:accounts: true, goog:chromeOptions: {debuggerAddress: localhost:54084}, networkConnectionEnabled: false, pageLoadStrategy: normal, platformName: windows, proxy: Proxy(), se:cdp: ws://localhost:54084/devtoo..., se:cdpVersion: 137.0.7151.68, setWindowRect: true, strictFileInteractability: false, timeouts: {implicit: 0, pageLoad: 300000, script: 30000}, unhandledPromptBehavior: dismiss and notify, webauthn:extension:credBlob: true, webauthn:extension:largeBlob: true, webauthn:extension:minPinLength: true, webauthn:extension:prf: true, webauthn:virtualAuthenticators: true}
Session ID: 4195201095bc6d427286ce0bf43d5281
at org.openqa.selenium.remote.ErrorCodec.decode(ErrorCodec.java:167)
at org.openqa.selenium.remote.codec.w3c.W3CHttpResponseCodec.decode(W3CHttpResponseCodec.java:138)
at org.openqa.selenium.remote.codec.w3c.W3CHttpResponseCodec.decode(W3CHttpResponseCodec.java:50)
at org.openqa.selenium.remote.HttpCommandExecutor.execute(HttpCommandExecutor.java:215)
at org.openqa.selenium.remote.service.DriverCommandExecutor.invokeExecute(DriverCommandExecutor.java:216)
at org.openqa.selenium.remote.service.DriverCommandExecutor.execute(DriverCommandExecutor.java:174)
at org.openqa.selenium.remote.RemoteWebDriver.execute(RemoteWebDriver.java:545)
at org.openqa.selenium.remote.RemoteWebDriver.executeScript(RemoteWebDriver.java:476)
at ledsak.LeadSetupTest.leadset(LeadSetupTest.java:229)
at java.base/java.util.ArrayList.forEach(ArrayList.java:1597)
... Removed 32 stack frames]]>
    </failure>
  </testcase> <!-- leadset -->
  <testcase classname="ledsak.LeadCreateTest" name="createLead" time="14.021"/>
  <testcase classname="ledsak.CreatestaffTest" name="createStaff" time="11.804"/>
  <testcase classname="ledsak.RoleSetupTest" name="createStaff" time="24.345"/>
  <testcase classname="ledsak.CustomizepageTest" name="CheckAttribut" time="12.047"/>
  <testcase classname="ledsak.DatefilterTest" name="dateFilterCheck" time="11.231"/>
</testsuite> <!-- app -->
